
 Apple Inc.	 
    Change: -0.53
    Daily Average Volume: 52949300
    Market Cap: 656.9B
=================================

 Facebook Inc.
    Change: +0.16
    Daily Average Volume: 34115400
    Market Cap: 225.2B
=================================

 Microsoft Corporation	 
    Change: -0.31
    Daily Average Volume: 32135500
    Market Cap: 396.8B
=================================

 NVIDIA Corporation	 
    Change: -0.08
    Daily Average Volume: 6296000
    Market Cap: 11.181B
=================================

ASK{
        ?aircraft1 a uri:Aircraft.
        ?aircraft2 a uri:Aircraft.

        ?aircraft1 uri:hasPosition ?position.
        ?aircraft2 uri:hasPosition ?position.

        ?position a uri:Runway.
        ?position uri:runwayName ?runWayName.

        ?aircraft1 uri:aircraftID ?id1.
        ?aircraft2  uri:aircraftID ?id2.

        Filter(str(?id1) != str(?id2)).
    }                    